{
  "stats": {
    "suites": 1,
    "tests": 3,
    "passes": 3,
    "pending": 0,
    "failures": 0,
    "start": "2023-02-13T03:40:20.281Z",
    "end": "2023-02-13T03:41:13.640Z",
    "duration": 53359,
    "testsRegistered": 3,
    "passPercent": 100,
    "pendingPercent": 0,
    "other": 0,
    "hasOther": false,
    "skipped": 0,
    "hasSkipped": false
  },
  "results": [
    {
      "uuid": "0f8a8e31-afd6-45e5-8c3c-9abebb5d0162",
      "title": "",
      "fullFile": "cypress/e2e/cms/login/login.cy.js",
      "file": "cypress/e2e/cms/login/login.cy.js",
      "beforeHooks": [],
      "afterHooks": [],
      "tests": [],
      "suites": [
        {
          "uuid": "5552111c-ab61-40a7-a79d-72a625b48e2c",
          "title": "Login Module",
          "fullFile": "",
          "file": "",
          "beforeHooks": [],
          "afterHooks": [],
          "tests": [
            {
              "title": "Check Visibility",
              "fullTitle": "Login Module Check Visibility",
              "timedOut": null,
              "duration": 20305,
              "state": "passed",
              "speed": "slow",
              "pass": true,
              "fail": false,
              "pending": false,
              "context": null,
              "code": "formObj.checkFormStatusObj(loginModule.loginForm());\nbuttonObj.visibilityWithContainsObj(loginModule.loginButton().xpath.signInBtn, loginModule.loginButton().value.signInBtn);",
              "err": {},
              "uuid": "32a45faf-851a-4217-aaaf-f2291ee347b7",
              "parentUUID": "5552111c-ab61-40a7-a79d-72a625b48e2c",
              "isHook": false,
              "skipped": false
            },
            {
              "title": "Invalid Login",
              "fullTitle": "Login Module Invalid Login",
              "timedOut": null,
              "duration": 10571,
              "state": "passed",
              "speed": "slow",
              "pass": true,
              "fail": false,
              "pending": false,
              "context": null,
              "code": "formObj.fillFormObj(loginModule.loginForm(), (0, _dataPath.cmsDataPath)().login, \"invalid\");\nbuttonObj.clickButtonWithContainsObj(loginModule.loginButton().xpath.signInBtn, loginModule.loginButton().value.signInBtn);\nvisitObj.verifyURLObj(loginModule.urlLogin().basePage);\ngrabText.grabSingleText(loginModule.alertMessageLogin().xpath.invalidAlert).then(res => {\n  expect(res).to.eq(loginModule.alertMessageLogin().value.invalidAlert);\n});",
              "err": {},
              "uuid": "9f15dd75-e923-457f-acf2-d99a9ae0b28e",
              "parentUUID": "5552111c-ab61-40a7-a79d-72a625b48e2c",
              "isHook": false,
              "skipped": false
            },
            {
              "title": "Valid Login",
              "fullTitle": "Login Module Valid Login",
              "timedOut": null,
              "duration": 18954,
              "state": "passed",
              "speed": "slow",
              "pass": true,
              "fail": false,
              "pending": false,
              "context": null,
              "code": "formObj.fillFormObj(loginModule.loginForm(), (0, _dataPath.cmsDataPath)().login, environment);\nbuttonObj.clickButtonWithContainsObj(loginModule.loginButton().xpath.signInBtn, loginModule.loginButton().value.signInBtn);\nvisitObj.verifyURLObj(loginModule.urlLogin().homePage);",
              "err": {},
              "uuid": "d7c46c95-8b55-4000-8c80-93c0cc516bbf",
              "parentUUID": "5552111c-ab61-40a7-a79d-72a625b48e2c",
              "isHook": false,
              "skipped": false
            }
          ],
          "suites": [],
          "passes": [
            "32a45faf-851a-4217-aaaf-f2291ee347b7",
            "9f15dd75-e923-457f-acf2-d99a9ae0b28e",
            "d7c46c95-8b55-4000-8c80-93c0cc516bbf"
          ],
          "failures": [],
          "pending": [],
          "skipped": [],
          "duration": 49830,
          "root": false,
          "rootEmpty": false,
          "_timeout": 2000
        }
      ],
      "passes": [],
      "failures": [],
      "pending": [],
      "skipped": [],
      "duration": 0,
      "root": true,
      "rootEmpty": true,
      "_timeout": 2000
    }
  ],
  "meta": {
    "mocha": {
      "version": "7.0.1"
    },
    "mochawesome": {
      "options": {
        "quiet": false,
        "reportFilename": "[status]-[datetime]-[name]-report",
        "saveHtml": true,
        "saveJson": true,
        "consoleReporter": "spec",
        "useInlineDiffs": false,
        "code": true
      },
      "version": "7.1.3"
    },
    "marge": {
      "options": {
        "reportDir": "cypress/reports/mocha",
        "reportFilename": "[status]-[datetime]-[name]-report",
        "overwrite": false,
        "html": true,
        "json": true,
        "charts": true
      },
      "version": "6.2.0"
    }
  }
}